This is pdfTeX, Version 3.14159265-2.6-1.40.19 (MiKTeX 2.9.6880 64-bit) (preloaded format=pdflatex 2018.11.16)  16 NOV 2018 22:49
entering extended mode
**./Informe_6.tex
(Informe_6.tex
LaTeX2e <2018-04-01> patch level 5
("C:\Users\Juan\AppData\Local\Programs\MiKTeX 2.9\tex\latex\base\article.cls"
Document Class: article 2014/09/29 v1.4h Standard LaTeX document class
("C:\Users\Juan\AppData\Local\Programs\MiKTeX 2.9\tex\latex\base\size12.clo"
File: size12.clo 2014/09/29 v1.4h Standard LaTeX file (size option)
)
\c@part=\count80
\c@section=\count81
\c@subsection=\count82
\c@subsubsection=\count83
\c@paragraph=\count84
\c@subparagraph=\count85
\c@figure=\count86
\c@table=\count87
\abovecaptionskip=\skip41
\belowcaptionskip=\skip42
\bibindent=\dimen102
)
("C:\Users\Juan\AppData\Local\Programs\MiKTeX 2.9\tex\latex\base\inputenc.sty"
Package: inputenc 2018/04/06 v1.3b Input encoding file
\inpenc@prehook=\toks14
\inpenc@posthook=\toks15
)
("C:\Users\Juan\AppData\Local\Programs\MiKTeX 2.9\tex\latex\geometry\geometry.s
ty"
Package: geometry 2018/04/16 v5.8 Page Geometry

("C:\Users\Juan\AppData\Local\Programs\MiKTeX 2.9\tex\latex\graphics\keyval.sty
"
Package: keyval 2014/10/28 v1.15 key=value parser (DPC)
\KV@toks@=\toks16
)
("C:\Users\Juan\AppData\Local\Programs\MiKTeX 2.9\tex\generic\oberdiek\ifpdf.st
y"
Package: ifpdf 2018/09/07 v3.3 Provides the ifpdf switch
)
("C:\Users\Juan\AppData\Local\Programs\MiKTeX 2.9\tex\generic\oberdiek\ifvtex.s
ty"
Package: ifvtex 2016/05/16 v1.6 Detect VTeX and its facilities (HO)
Package ifvtex Info: VTeX not detected.
)
("C:\Users\Juan\AppData\Local\Programs\MiKTeX 2.9\tex\generic\ifxetex\ifxetex.s
ty"
Package: ifxetex 2010/09/12 v0.6 Provides ifxetex conditional
)
\Gm@cnth=\count88
\Gm@cntv=\count89
\c@Gm@tempcnt=\count90
\Gm@bindingoffset=\dimen103
\Gm@wd@mp=\dimen104
\Gm@odd@mp=\dimen105
\Gm@even@mp=\dimen106
\Gm@layoutwidth=\dimen107
\Gm@layoutheight=\dimen108
\Gm@layouthoffset=\dimen109
\Gm@layoutvoffset=\dimen110
\Gm@dimlist=\toks17

("C:\Users\Juan\AppData\Local\Programs\MiKTeX 2.9\tex\latex\geometry\geometry.c
fg"))
("C:\Users\Juan\AppData\Local\Programs\MiKTeX 2.9\tex\latex\multirow\multirow.s
ty"
Package: multirow 2018/08/03 v2.3 Span multiple rows of a table
\multirow@colwidth=\skip43
\multirow@cntb=\count91
\multirow@dima=\skip44
\bigstrutjot=\dimen111
)
("C:\Users\Juan\AppData\Local\Programs\MiKTeX 2.9\tex\latex\graphics\graphicx.s
ty"
Package: graphicx 2017/06/01 v1.1a Enhanced LaTeX Graphics (DPC,SPQR)

("C:\Users\Juan\AppData\Local\Programs\MiKTeX 2.9\tex\latex\graphics\graphics.s
ty"
Package: graphics 2017/06/25 v1.2c Standard LaTeX Graphics (DPC,SPQR)

("C:\Users\Juan\AppData\Local\Programs\MiKTeX 2.9\tex\latex\graphics\trig.sty"
Package: trig 2016/01/03 v1.10 sin cos tan (DPC)
)
("C:\Users\Juan\AppData\Local\Programs\MiKTeX 2.9\tex\latex\graphics-cfg\graphi
cs.cfg"
File: graphics.cfg 2016/06/04 v1.11 sample graphics configuration
)
Package graphics Info: Driver file: pdftex.def on input line 99.

("C:\Users\Juan\AppData\Local\Programs\MiKTeX 2.9\tex\latex\graphics-def\pdftex
.def"
File: pdftex.def 2018/01/08 v1.0l Graphics/color driver for pdftex
))
\Gin@req@height=\dimen112
\Gin@req@width=\dimen113
) (Informe_6.aux)
\openout1 = `Informe_6.aux'.

LaTeX Font Info:    Checking defaults for OML/cmm/m/it on input line 13.
LaTeX Font Info:    ... okay on input line 13.
LaTeX Font Info:    Checking defaults for T1/cmr/m/n on input line 13.
LaTeX Font Info:    ... okay on input line 13.
LaTeX Font Info:    Checking defaults for OT1/cmr/m/n on input line 13.
LaTeX Font Info:    ... okay on input line 13.
LaTeX Font Info:    Checking defaults for OMS/cmsy/m/n on input line 13.
LaTeX Font Info:    ... okay on input line 13.
LaTeX Font Info:    Checking defaults for OMX/cmex/m/n on input line 13.
LaTeX Font Info:    ... okay on input line 13.
LaTeX Font Info:    Checking defaults for U/cmr/m/n on input line 13.
LaTeX Font Info:    ... okay on input line 13.

*geometry* driver: auto-detecting
*geometry* detected driver: pdftex
*geometry* verbose mode - [ preamble ] result:
* driver: pdftex
* paper: letterpaper
* layout: <same size as paper>
* layoutoffset:(h,v)=(0.0pt,0.0pt)
* modes: 
* h-part:(L,W,R)=(56.9055pt, 500.484pt, 56.9055pt)
* v-part:(T,H,B)=(56.9055pt, 681.15898pt, 56.9055pt)
* \paperwidth=614.295pt
* \paperheight=794.96999pt
* \textwidth=500.484pt
* \textheight=681.15898pt
* \oddsidemargin=-15.36449pt
* \evensidemargin=-15.36449pt
* \topmargin=-52.36449pt
* \headheight=12.0pt
* \headsep=25.0pt
* \topskip=12.0pt
* \footskip=30.0pt
* \marginparwidth=44.0pt
* \marginparsep=10.0pt
* \columnsep=10.0pt
* \skip\footins=10.8pt plus 4.0pt minus 2.0pt
* \hoffset=0.0pt
* \voffset=0.0pt
* \mag=1000
* \@twocolumnfalse
* \@twosidefalse
* \@mparswitchfalse
* \@reversemarginfalse
* (1in=72.27pt=25.4mm, 1cm=28.453pt)


("C:\Users\Juan\AppData\Local\Programs\MiKTeX 2.9\tex\latex\oberdiek\epstopdf-b
ase.sty"
Package: epstopdf-base 2016/05/15 v2.6 Base part for package epstopdf

("C:\Users\Juan\AppData\Local\Programs\MiKTeX 2.9\tex\generic\oberdiek\infwarer
r.sty"
Package: infwarerr 2016/05/16 v1.4 Providing info/warning/error messages (HO)
)
("C:\Users\Juan\AppData\Local\Programs\MiKTeX 2.9\tex\latex\oberdiek\grfext.sty
"
Package: grfext 2016/05/16 v1.2 Manage graphics extensions (HO)

("C:\Users\Juan\AppData\Local\Programs\MiKTeX 2.9\tex\generic\oberdiek\kvdefine
keys.sty"
Package: kvdefinekeys 2016/05/16 v1.4 Define keys (HO)

("C:\Users\Juan\AppData\Local\Programs\MiKTeX 2.9\tex\generic\oberdiek\ltxcmds.
sty"
Package: ltxcmds 2016/05/16 v1.23 LaTeX kernel commands for general use (HO)
)))
("C:\Users\Juan\AppData\Local\Programs\MiKTeX 2.9\tex\latex\oberdiek\kvoptions.
sty"
Package: kvoptions 2016/05/16 v3.12 Key value format for package options (HO)

("C:\Users\Juan\AppData\Local\Programs\MiKTeX 2.9\tex\generic\oberdiek\kvsetkey
s.sty"
Package: kvsetkeys 2016/05/16 v1.17 Key value parser (HO)

("C:\Users\Juan\AppData\Local\Programs\MiKTeX 2.9\tex\generic\oberdiek\etexcmds
.sty"
Package: etexcmds 2016/05/16 v1.6 Avoid name clashes with e-TeX commands (HO)

("C:\Users\Juan\AppData\Local\Programs\MiKTeX 2.9\tex\generic\oberdiek\ifluatex
.sty"
Package: ifluatex 2016/05/16 v1.4 Provides the ifluatex switch (HO)
Package ifluatex Info: LuaTeX not detected.
))))
("C:\Users\Juan\AppData\Local\Programs\MiKTeX 2.9\tex\generic\oberdiek\pdftexcm
ds.sty"
Package: pdftexcmds 2018/09/10 v0.29 Utility functions of pdfTeX for LuaTeX (HO
)
Package pdftexcmds Info: LuaTeX not detected.
Package pdftexcmds Info: \pdf@primitive is available.
Package pdftexcmds Info: \pdf@ifprimitive is available.
Package pdftexcmds Info: \pdfdraftmode found.
)
Package epstopdf-base Info: Redefining graphics rule for `.eps' on input line 4
38.
Package grfext Info: Graphics extension search list:
(grfext)             [.pdf,.png,.jpg,.mps,.jpeg,.jbig2,.jb2,.PDF,.PNG,.JPG,.JPE
G,.JBIG2,.JB2,.eps]
(grfext)             \AppendGraphicsExtensions on input line 456.
)
<Imagenes/upt-logo.png, id=1, 70.6275pt x 95.265pt>
File: Imagenes/upt-logo.png Graphic file (type png)
<use Imagenes/upt-logo.png>
Package pdftex.def Info: Imagenes/upt-logo.png  used on input line 16.
(pdftex.def)             Requested size: 113.81102pt x 153.5173pt.
 [0

{C:/Users/Juan/AppData/Local/MiKTeX/2.9/pdftex/config/pdftex.map} <./Imagenes/u
pt-logo.png>]
Underfull \hbox (badness 10000) in paragraph at lines 57--77

 []


Underfull \hbox (badness 10000) in paragraph at lines 57--77

 []

<Imagenes/Privilegios_sistema.png, id=10, 816.651pt x 464.33475pt>
File: Imagenes/Privilegios_sistema.png Graphic file (type png)
<use Imagenes/Privilegios_sistema.png>
Package pdftex.def Info: Imagenes/Privilegios_sistema.png  used on input line 8
2.
(pdftex.def)             Requested size: 398.33858pt x 226.49158pt.
[1]
<Imagenes/Privilegios_usuarios.png, id=14, 812.43526pt x 475.17525pt>
File: Imagenes/Privilegios_usuarios.png Graphic file (type png)
<use Imagenes/Privilegios_usuarios.png>
Package pdftex.def Info: Imagenes/Privilegios_usuarios.png  used on input line 
86.
(pdftex.def)             Requested size: 398.33858pt x 232.98291pt.
<Imagenes/Privilegios_basedatos.png, id=15, 813.0375pt x 181.27725pt>
File: Imagenes/Privilegios_basedatos.png Graphic file (type png)
<use Imagenes/Privilegios_basedatos.png>
Package pdftex.def Info: Imagenes/Privilegios_basedatos.png  used on input line
 90.
(pdftex.def)             Requested size: 398.33858pt x 88.81279pt.
 [2 <./Imagenes/Privilegios_sistema.png> <./Imagenes/Privilegios_usuarios.png> 
<./Imagenes/Privilegios_basedatos.png>]
<Imagenes/Privilegios_datos.png, id=19, 815.4465pt x 180.07275pt>
File: Imagenes/Privilegios_datos.png Graphic file (type png)
<use Imagenes/Privilegios_datos.png>
Package pdftex.def Info: Imagenes/Privilegios_datos.png  used on input line 94.

(pdftex.def)             Requested size: 398.33858pt x 87.96439pt.
<Imagenes/Privilegios_debugging.png, id=20, 812.43526pt x 208.3785pt>
File: Imagenes/Privilegios_debugging.png Graphic file (type png)
<use Imagenes/Privilegios_debugging.png>
Package pdftex.def Info: Imagenes/Privilegios_debugging.png  used on input line
 98.
(pdftex.def)             Requested size: 398.33858pt x 102.16994pt.
<Imagenes/Privilegios_dimensiones.png, id=21, 816.651pt x 225.2415pt>
File: Imagenes/Privilegios_dimensiones.png Graphic file (type png)
<use Imagenes/Privilegios_dimensiones.png>
Package pdftex.def Info: Imagenes/Privilegios_dimensiones.png  used on input li
ne 102.
(pdftex.def)             Requested size: 398.33858pt x 109.86751pt.
<Imagenes/Privilegios_directorios.png, id=22, 816.04875pt x 134.904pt>
File: Imagenes/Privilegios_directorios.png Graphic file (type png)
<use Imagenes/Privilegios_directorios.png>
Package pdftex.def Info: Imagenes/Privilegios_directorios.png  used on input li
ne 106.
(pdftex.def)             Requested size: 398.33858pt x 65.85034pt.
<Imagenes/Privilegios_grupos.png, id=23, 817.25325pt x 242.1045pt>
File: Imagenes/Privilegios_grupos.png Graphic file (type png)
<use Imagenes/Privilegios_grupos.png>
Package pdftex.def Info: Imagenes/Privilegios_grupos.png  used on input line 11
0.
(pdftex.def)             Requested size: 398.33858pt x 118.00423pt.
<Imagenes/Privilegios_indices.png, id=24, 813.63976pt x 284.262pt>
File: Imagenes/Privilegios_indices.png Graphic file (type png)
<use Imagenes/Privilegios_indices.png>
Package pdftex.def Info: Imagenes/Privilegios_indices.png  used on input line 1
14.
(pdftex.def)             Requested size: 398.33858pt x 139.16814pt.
<Imagenes/Privilegios_objetosprogramador.png, id=25, 816.04875pt x 410.7345pt>
File: Imagenes/Privilegios_objetosprogramador.png Graphic file (type png)
<use Imagenes/Privilegios_objetosprogramador.png>
Package pdftex.def Info: Imagenes/Privilegios_objetosprogramador.png  used on i
nput line 118.
(pdftex.def)             Requested size: 398.33858pt x 200.49078pt.
 [3 <./Imagenes/Privilegios_datos.png> <./Imagenes/Privilegios_debugging.png> <
./Imagenes/Privilegios_dimensiones.png> <./Imagenes/Privilegios_directorios.png
> <./Imagenes/Privilegios_grupos.png> <./Imagenes/Privilegios_indices.png>]
<Imagenes/Privilegios_perfilesroles.png, id=29, 818.45775pt x 405.9165pt>
File: Imagenes/Privilegios_perfilesroles.png Graphic file (type png)
<use Imagenes/Privilegios_perfilesroles.png>
Package pdftex.def Info: Imagenes/Privilegios_perfilesroles.png  used on input 
line 122.
(pdftex.def)             Requested size: 398.33858pt x 197.55678pt.
<Imagenes/Privilegios_segmentossecuencias.png, id=30, 816.04875pt x 447.47176pt
>
File: Imagenes/Privilegios_segmentossecuencias.png Graphic file (type png)
<use Imagenes/Privilegios_segmentossecuencias.png>
Package pdftex.def Info: Imagenes/Privilegios_segmentossecuencias.png  used on 
input line 126.
(pdftex.def)             Requested size: 398.33858pt x 218.42325pt.
<Imagenes/Privilegios_sesionessinonimos.png, id=31, 810.6285pt x 468.5505pt>
File: Imagenes/Privilegios_sesionessinonimos.png Graphic file (type png)
<use Imagenes/Privilegios_sesionessinonimos.png>
Package pdftex.def Info: Imagenes/Privilegios_sesionessinonimos.png  used on in
put line 130.
(pdftex.def)             Requested size: 398.33858pt x 230.24236pt.
 [4 <./Imagenes/Privilegios_objetosprogramador.png> <./Imagenes/Privilegios_per
filesroles.png> <./Imagenes/Privilegios_segmentossecuencias.png>]
<Imagenes/Privilegios_tablas.png, id=35, 811.23074pt x 352.31625pt>
File: Imagenes/Privilegios_tablas.png Graphic file (type png)
<use Imagenes/Privilegios_tablas.png>
Package pdftex.def Info: Imagenes/Privilegios_tablas.png  used on input line 13
4.
(pdftex.def)             Requested size: 398.33858pt x 172.99666pt.
<Imagenes/Privilegios_vistasmaterializadas.png, id=36, 816.04875pt x 531.78674p
t>
File: Imagenes/Privilegios_vistasmaterializadas.png Graphic file (type png)
<use Imagenes/Privilegios_vistasmaterializadas.png>
Package pdftex.def Info: Imagenes/Privilegios_vistasmaterializadas.png  used on
 input line 138.
(pdftex.def)             Requested size: 398.33858pt x 259.57971pt.

Underfull \hbox (badness 10000) in paragraph at lines 142--151

 []

[5 <./Imagenes/Privilegios_sesionessinonimos.png> <./Imagenes/Privilegios_tabla
s.png> <./Imagenes/Privilegios_vistasmaterializadas.png>] [6] (Informe_6.aux) )
 
Here is how much of TeX's memory you used:
 1763 strings out of 492969
 28791 string characters out of 3127029
 96651 words of memory out of 3000000
 5622 multiletter control sequences out of 15000+200000
 5456 words of font info for 20 fonts, out of 3000000 for 9000
 1141 hyphenation exceptions out of 8191
 41i,4n,25p,635b,173s stack positions out of 5000i,500n,10000p,200000b,50000s
<C:/Users/Juan/AppData/Local/Programs/MiKTeX 2.9/fonts/type1/public/amsfonts/cm
/cmbx12.pfb><C:/Users/Juan/AppData/Local/Programs/MiKTeX 2.9/fonts/type1/public
/amsfonts/cm/cmr12.pfb>
Output written on Informe_6.pdf (7 pages, 549383 bytes).
PDF statistics:
 52 PDF objects out of 1000 (max. 8388607)
 0 named destinations out of 1000 (max. 500000)
 81 words of extra memory for PDF output out of 10000 (max. 10000000)

